
  You can now view your Streamlit app in your browser.

  Local URL: http://localhost:8502
  Network URL: http://192.168.1.25:8502
  External URL: http://180.181.251.242:8502

+------------------------- Traceback (most recent call last) --------------------------+
| C:\Users\qianbinz\AppData\Local\Packages\PythonSoftwareFoundation.Python.3.13_qbz5n2 |
| kfra8p0\LocalCache\local-packages\Python313\site-packages\streamlit\runtime\scriptru |
| nner\exec_code.py:129 in exec_func_with_error_handling                               |
|                                                                                      |
| C:\Users\qianbinz\AppData\Local\Packages\PythonSoftwareFoundation.Python.3.13_qbz5n2 |
| kfra8p0\LocalCache\local-packages\Python313\site-packages\streamlit\runtime\scriptru |
| nner\script_runner.py:789 in code_to_exec                                            |
|                                                                                      |
| C:\Users\qianbinz\Monash Uni Enterprise Dropbox\Qianbing                             |
| Zhang\00-GitHub\Tri-HB\tri_hb_integrated.py:806 in <module>                          |
|                                                                                      |
|   803     elif page == "Step 2: Wave model":                                         |
|   804         run_legacy_app("wave_damage.py", {"TRI_HB_WORKFLOW_VIEW": "wave"})     |
|   805     elif page == "Step 3: Stress path and analysis":                           |
| > 806         run_legacy_app("wave_damage.py", {"TRI_HB_WORKFLOW_VIEW": "stress"})   |
|   807     elif page == "Step 4: Damage model and DEM validation":                    |
|   808         run_legacy_app("wave_damage.py", {"TRI_HB_WORKFLOW_VIEW": "damage"})   |
|   809                                                                                |
|                                                                                      |
| C:\Users\qianbinz\Monash Uni Enterprise Dropbox\Qianbing                             |
| Zhang\00-GitHub\Tri-HB\tri_hb_integrated.py:236 in run_legacy_app                    |
|                                                                                      |
|   233     }                                                                          |
|   234     if extra_globals:                                                          |
|   235         globals_dict.update(extra_globals)                                     |
| > 236     exec(compile(source, str(path), "exec"), globals_dict)                     |
|   237                                                                                |
|   238                                                                                |
|   239 def read_uploaded_table(uploaded_file) -> pd.DataFrame:                        |
|                                                                                      |
| C:\Users\qianbinz\Monash Uni Enterprise Dropbox\Qianbing                             |
| Zhang\00-GitHub\Tri-HB\wave_damage.py:891 in <module>                                |
|                                                                                      |
|    888         if regime_delay > 0:                                                  |
|    889             ax1.axvline(regime_delay * 1e6, linestyle=":", linewidth=1.5, lab |
|    890         ax1.set_xlabel(r"Time, $t$ ($\mu$s)")                                 |
| >  891         ax1.set_ylabel(r"Dynamic stress increment, $\Delta\sigma$ (MPa)")     |
|    892         ax1.set_title("Input pulses")                                         |
|    893         ax1.grid(True, alpha=0.35)                                            |
|    894         ax1.legend(ncol=2)                                                    |
|                                                                                      |
| C:\Users\qianbinz\Monash Uni Enterprise Dropbox\Qianbing                             |
| Zhang\00-GitHub\Tri-HB\wave_damage.py:177 in show_publication_figure                 |
|                                                                                      |
|    174             text.set_fontsize(9.5)                                            |
|    175                                                                               |
|    176                                                                               |
| >  177 def show_publication_figure(fig):                                             |
|    178     for ax in fig.axes:                                                       |
|    179         apply_publication_axes(ax)                                            |
|    180     fig.tight_layout()                                                        |
|                                                                                      |
| C:\Users\qianbinz\AppData\Local\Packages\PythonSoftwareFoundation.Python.3.13_qbz5n2 |
| kfra8p0\LocalCache\local-packages\Python313\site-packages\streamlit\runtime\metrics_ |
| util.py:698 in wrapped_func                                                          |
|                                                                                      |
| C:\Users\qianbinz\AppData\Local\Packages\PythonSoftwareFoundation.Python.3.13_qbz5n2 |
| kfra8p0\LocalCache\local-packages\Python313\site-packages\streamlit\elements\pyplot. |
| py:174 in pyplot                                                                     |
|                                                                                      |
| C:\Users\qianbinz\AppData\Local\Packages\PythonSoftwareFoundation.Python.3.13_qbz5n2 |
| kfra8p0\LocalCache\local-packages\Python313\site-packages\streamlit\elements\pyplot. |
| py:225 in marshall                                                                   |
|                                                                                      |
| C:\Users\qianbinz\AppData\Local\Packages\PythonSoftwareFoundation.Python.3.13_qbz5n2 |
| kfra8p0\LocalCache\local-packages\Python313\site-packages\matplotlib\figure.py:3490  |
| in savefig                                                                           |
|                                                                                      |
|   3487                 # set Axes to be transparent                                  |
|   3488                 for ax in self.axes:                                          |
|   3489                     _recursively_make_axes_transparent(stack, ax)             |
| > 3490             self.canvas.print_figure(fname, **kwargs)                         |
|   3491                                                                               |
|   3492     def ginput(self, n=1, timeout=30, show_clicks=True,                       |
|   3493                mouse_add=MouseButton.LEFT,                                    |
|                                                                                      |
| C:\Users\qianbinz\AppData\Local\Packages\PythonSoftwareFoundation.Python.3.13_qbz5n2 |
| kfra8p0\LocalCache\local-packages\Python313\site-packages\matplotlib\backend_bases.p |
| y:2157 in print_figure                                                               |
|                                                                                      |
|   2154                 # we do this instead of `self.figure.draw_without_rendering`  |
|   2155                 # so that we can inject the orientation                       |
|   2156                 with getattr(renderer, "_draw_disabled", nullcontext)():      |
| > 2157                     self.figure.draw(renderer)                                |
|   2158             if bbox_inches:                                                   |
|   2159                 if bbox_inches == "tight":                                    |
|   2160                     bbox_inches = self.figure.get_tightbbox(                  |
|                                                                                      |
| C:\Users\qianbinz\AppData\Local\Packages\PythonSoftwareFoundation.Python.3.13_qbz5n2 |
| kfra8p0\LocalCache\local-packages\Python313\site-packages\matplotlib\artist.py:94 in |
| draw_wrapper                                                                         |
|                                                                                      |
|     91     """                                                                       |
|     92     @wraps(draw)                                                              |
|     93     def draw_wrapper(artist, renderer, *args, **kwargs):                      |
| >   94         result = draw(artist, renderer, *args, **kwargs)                      |
|     95         if renderer._rasterizing:                                             |
|     96             renderer.stop_rasterizing()                                       |
|     97             renderer._rasterizing = False                                     |
|                                                                                      |
| C:\Users\qianbinz\AppData\Local\Packages\PythonSoftwareFoundation.Python.3.13_qbz5n2 |
| kfra8p0\LocalCache\local-packages\Python313\site-packages\matplotlib\artist.py:71 in |
| draw_wrapper                                                                         |
|                                                                                      |
|     68             if artist.get_agg_filter() is not None:                           |
|     69                 renderer.start_filter()                                       |
|     70                                                                               |
| >   71             return draw(artist, renderer)                                     |
|     72         finally:                                                              |
|     73             if artist.get_agg_filter() is not None:                           |
|     74                 renderer.stop_filter(artist.get_agg_filter())                 |
|                                                                                      |
| C:\Users\qianbinz\AppData\Local\Packages\PythonSoftwareFoundation.Python.3.13_qbz5n2 |
| kfra8p0\LocalCache\local-packages\Python313\site-packages\matplotlib\figure.py:3257  |
| in draw                                                                              |
|                                                                                      |
|   3254                         # ValueError can occur when resizing a window.        |
|   3255                                                                               |
|   3256                 self.patch.draw(renderer)                                     |
| > 3257                 mimage._draw_list_compositing_images(                         |
|   3258                     renderer, self, artists, self.suppressComposite)          |
|   3259                                                                               |
|   3260                 renderer.close_group('figure')                                |
|                                                                                      |
| C:\Users\qianbinz\AppData\Local\Packages\PythonSoftwareFoundation.Python.3.13_qbz5n2 |
| kfra8p0\LocalCache\local-packages\Python313\site-packages\matplotlib\image.py:134 in |
| _draw_list_compositing_images                                                        |
|                                                                                      |
|    131                                                                               |
|    132     if not_composite or not has_images:                                       |
|    133         for a in artists:                                                     |
| >  134             a.draw(renderer)                                                  |
|    135     else:                                                                     |
|    136         # Composite any adjacent images together                              |
|    137         image_group = []                                                      |
|                                                                                      |
| C:\Users\qianbinz\AppData\Local\Packages\PythonSoftwareFoundation.Python.3.13_qbz5n2 |
| kfra8p0\LocalCache\local-packages\Python313\site-packages\matplotlib\artist.py:71 in |
| draw_wrapper                                                                         |
|                                                                                      |
|     68             if artist.get_agg_filter() is not None:                           |
|     69                 renderer.start_filter()                                       |
|     70                                                                               |
| >   71             return draw(artist, renderer)                                     |
|     72         finally:                                                              |
|     73             if artist.get_agg_filter() is not None:                           |
|     74                 renderer.stop_filter(artist.get_agg_filter())                 |
|                                                                                      |
| C:\Users\qianbinz\AppData\Local\Packages\PythonSoftwareFoundation.Python.3.13_qbz5n2 |
| kfra8p0\LocalCache\local-packages\Python313\site-packages\matplotlib\axes\_base.py:3 |
| 226 in draw                                                                          |
|                                                                                      |
|   3223         if artists_rasterized:                                                |
|   3224             _draw_rasterized(self.get_figure(root=True), artists_rasterized,  |
|   3225                                                                               |
| > 3226         mimage._draw_list_compositing_images(                                 |
|   3227             renderer, self, artists, self.get_figure(root=True).suppressCompo |
|   3228                                                                               |
|   3229         renderer.close_group('axes')                                          |
|                                                                                      |
| C:\Users\qianbinz\AppData\Local\Packages\PythonSoftwareFoundation.Python.3.13_qbz5n2 |
| kfra8p0\LocalCache\local-packages\Python313\site-packages\matplotlib\image.py:134 in |
| _draw_list_compositing_images                                                        |
|                                                                                      |
|    131                                                                               |
|    132     if not_composite or not has_images:                                       |
|    133         for a in artists:                                                     |
| >  134             a.draw(renderer)                                                  |
|    135     else:                                                                     |
|    136         # Composite any adjacent images together                              |
|    137         image_group = []                                                      |
|                                                                                      |
| C:\Users\qianbinz\AppData\Local\Packages\PythonSoftwareFoundation.Python.3.13_qbz5n2 |
| kfra8p0\LocalCache\local-packages\Python313\site-packages\matplotlib\artist.py:71 in |
| draw_wrapper                                                                         |
|                                                                                      |
|     68             if artist.get_agg_filter() is not None:                           |
|     69                 renderer.start_filter()                                       |
|     70                                                                               |
| >   71             return draw(artist, renderer)                                     |
|     72         finally:                                                              |
|     73             if artist.get_agg_filter() is not None:                           |
|     74                 renderer.stop_filter(artist.get_agg_filter())                 |
|                                                                                      |
| C:\Users\qianbinz\AppData\Local\Packages\PythonSoftwareFoundation.Python.3.13_qbz5n2 |
| kfra8p0\LocalCache\local-packages\Python313\site-packages\matplotlib\axis.py:1412 in |
| draw                                                                                 |
|                                                                                      |
|   1409                                                                               |
|   1410         # Shift label away from axes to avoid overlapping ticklabels.         |
|   1411         self._update_label_position(renderer)                                 |
| > 1412         self.label.draw(renderer)                                             |
|   1413                                                                               |
|   1414         self._update_offset_text_position(tlb1, tlb2)                         |
|   1415         self.offsetText.set_text(self.major.formatter.get_offset())           |
|                                                                                      |
| C:\Users\qianbinz\AppData\Local\Packages\PythonSoftwareFoundation.Python.3.13_qbz5n2 |
| kfra8p0\LocalCache\local-packages\Python313\site-packages\matplotlib\artist.py:71 in |
| draw_wrapper                                                                         |
|                                                                                      |
|     68             if artist.get_agg_filter() is not None:                           |
|     69                 renderer.start_filter()                                       |
|     70                                                                               |
| >   71             return draw(artist, renderer)                                     |
|     72         finally:                                                              |
|     73             if artist.get_agg_filter() is not None:                           |
|     74                 renderer.stop_filter(artist.get_agg_filter())                 |
|                                                                                      |
| C:\Users\qianbinz\AppData\Local\Packages\PythonSoftwareFoundation.Python.3.13_qbz5n2 |
| kfra8p0\LocalCache\local-packages\Python313\site-packages\matplotlib\text.py:752 in  |
| draw                                                                                 |
|                                                                                      |
|    749         renderer.open_group('text', self.get_gid())                           |
|    750                                                                               |
|    751         with self._cm_set(text=self._get_wrapped_text()):                     |
| >  752             bbox, info, descent = self._get_layout(renderer)                  |
|    753             trans = self.get_transform()                                      |
|    754                                                                               |
|    755             # don't use self.get_position here, which refers to text          |
|                                                                                      |
| C:\Users\qianbinz\AppData\Local\Packages\PythonSoftwareFoundation.Python.3.13_qbz5n2 |
| kfra8p0\LocalCache\local-packages\Python313\site-packages\matplotlib\text.py:382 in  |
| _get_layout                                                                          |
|                                                                                      |
|    379         for i, line in enumerate(lines):                                      |
|    380             clean_line, ismath = self._preprocess_math(line)                  |
|    381             if clean_line:                                                    |
| >  382                 w, h, d = _get_text_metrics_with_cache(                       |
|    383                     renderer, clean_line, self._fontproperties,               |
|    384                     ismath=ismath, dpi=self.get_figure(root=True).dpi)        |
|    385             else:                                                             |
|                                                                                      |
| C:\Users\qianbinz\AppData\Local\Packages\PythonSoftwareFoundation.Python.3.13_qbz5n2 |
| kfra8p0\LocalCache\local-packages\Python313\site-packages\matplotlib\text.py:69 in   |
| _get_text_metrics_with_cache                                                         |
|                                                                                      |
|     66     """Call ``renderer.get_text_width_height_descent``, caching the results." |
|     67     # Cached based on a copy of fontprop so that later in-place mutations of  |
|     68     # the passed-in argument do not mess up the cache.                        |
| >   69     return _get_text_metrics_with_cache_impl(                                 |
|     70         weakref.ref(renderer), text, fontprop.copy(), ismath, dpi)            |
|     71                                                                               |
|     72                                                                               |
|                                                                                      |
| C:\Users\qianbinz\AppData\Local\Packages\PythonSoftwareFoundation.Python.3.13_qbz5n2 |
| kfra8p0\LocalCache\local-packages\Python313\site-packages\matplotlib\text.py:77 in   |
| _get_text_metrics_with_cache_impl                                                    |
|                                                                                      |
|     74 def _get_text_metrics_with_cache_impl(                                        |
|     75         renderer_ref, text, fontprop, ismath, dpi):                           |
|     76     # dpi is unused, but participates in cache invalidation (via the renderer |
| >   77     return renderer_ref().get_text_width_height_descent(text, fontprop, ismat |
|     78                                                                               |
|     79                                                                               |
|     80 @_docstring.interpd                                                           |
|                                                                                      |
| C:\Users\qianbinz\AppData\Local\Packages\PythonSoftwareFoundation.Python.3.13_qbz5n2 |
| kfra8p0\LocalCache\local-packages\Python313\site-packages\matplotlib\backends\backen |
| d_agg.py:215 in get_text_width_height_descent                                        |
|                                                                                      |
|   212                                                                                |
|   213         if ismath:                                                             |
|   214             ox, oy, width, height, descent, font_image = \                     |
| > 215                 self.mathtext_parser.parse(s, self.dpi, prop)                  |
|   216             return width, height, descent                                      |
|   217                                                                                |
|   218         font = self._prepare_font(prop)                                        |
|                                                                                      |
| C:\Users\qianbinz\AppData\Local\Packages\PythonSoftwareFoundation.Python.3.13_qbz5n2 |
| kfra8p0\LocalCache\local-packages\Python313\site-packages\matplotlib\mathtext.py:86  |
| in parse                                                                             |
|                                                                                      |
|    83             "vector": LoadFlags.NO_HINTING,                                    |
|    84             "raster": backend_agg.get_hinting_flag(),                          |
|    85         }[self._output_type]                                                   |
| >  86         return self._parse_cached(s, dpi, prop, antialiased, load_glyph_flags) |
|    87                                                                                |
|    88     @functools.lru_cache(50)                                                   |
|    89     def _parse_cached(self, s, dpi, prop, antialiased, load_glyph_flags):      |
|                                                                                      |
| C:\Users\qianbinz\AppData\Local\Packages\PythonSoftwareFoundation.Python.3.13_qbz5n2 |
| kfra8p0\LocalCache\local-packages\Python313\site-packages\matplotlib\mathtext.py:100 |
|  in _parse_cached                                                                    |
|                                                                                      |
|    97         if self._parser is None:  # Cache the parser globally.                 |
|    98             self.__class__._parser = _mathtext.Parser()                        |
|    99                                                                                |
| > 100         box = self._parser.parse(s, fontset, fontsize, dpi)                    |
|   101         output = _mathtext.ship(box)                                           |
|   102         if self._output_type == "vector":                                      |
|   103             return output.to_vector()                                          |
|                                                                                      |
| C:\Users\qianbinz\AppData\Local\Packages\PythonSoftwareFoundation.Python.3.13_qbz5n2 |
| kfra8p0\LocalCache\local-packages\Python313\site-packages\matplotlib\_mathtext.py:21 |
| 67 in parse                                                                          |
|                                                                                      |
|   2164             result = self._expression.parse_string(s)                         |
|   2165         except ParseBaseException as err:                                     |
|   2166             # explain becomes a plain method on pyparsing 3 (err.explain(0)). |
| > 2167             raise ValueError("\n" + ParseException.explain(err, 0)) from None |
|   2168         self._state_stack = []                                                |
|   2169         self._in_subscript_or_superscript = False                             |
|   2170         # prevent operator spacing from leaking into a new expression         |
+--------------------------------------------------------------------------------------+
ValueError: 

^
ParseException: exception raised in parse action  (at char 0), (line:1, col:1)
